<?xml version="1.0" encoding="utf-8"?><testsuites name="pytest tests"><testsuite name="pytest" errors="0" failures="0" skipped="0" tests="26" time="8.478" timestamp="2026-06-08T01:05:25.124156+00:00" hostname="agent-env-9ba06b67-ee46-427d-8a94-9fc3f854531d"><testcase classname="tests.test_content_admin.TestPublicEndpoints" name="test_root" time="0.146" /><testcase classname="tests.test_content_admin.TestPublicEndpoints" name="test_settings_returns_defaults" time="0.131" /><testcase classname="tests.test_content_admin.TestPublicEndpoints" name="test_team_seeded" time="0.119" /><testcase classname="tests.test_content_admin.TestPublicEndpoints" name="test_projects_seeded" time="0.121" /><testcase classname="tests.test_content_admin.TestPublicEndpoints" name="test_collabs_list" time="0.110" /><testcase classname="tests.test_content_admin.TestPublicEndpoints" name="test_blog_public_list" time="0.115" /><testcase classname="tests.test_content_admin.TestPublicEndpoints" name="test_announcement_empty_or_obj" time="0.146" /><testcase classname="tests.test_content_admin.TestPublicEndpoints" name="test_testimonials_approved_only" time="0.143" /><testcase classname="tests.test_content_admin.TestPublicEndpoints" name="test_community_count" time="0.112" /><testcase classname="tests.test_content_admin.TestPublicEndpoints" name="test_reviews_approved" time="0.737" /><testcase classname="tests.test_content_admin.TestPublicEndpoints" name="test_case_studies" time="0.112" /><testcase classname="tests.test_content_admin.TestAdminAuth" name="test_admin_endpoint_requires_auth" time="0.110" /><testcase classname="tests.test_content_admin.TestAdminAuth" name="test_admin_metrics_overview" time="0.131" /><testcase classname="tests.test_content_admin.TestAdminAuth" name="test_admin_metrics_timeseries" time="0.111" /><testcase classname="tests.test_content_admin.TestBlogFlow" name="test_create_publish_get_comment_flow" time="0.944" /><testcase classname="tests.test_content_admin.TestTeamFlow" name="test_team_crud" time="0.344" /><testcase classname="tests.test_content_admin.TestProjectFlow" name="test_project_crud" time="0.329" /><testcase classname="tests.test_content_admin.TestCollabFlow" name="test_collab_crud" time="0.367" /><testcase classname="tests.test_content_admin.TestContactFlow" name="test_contact_submit_public_and_admin_manage" time="0.641" /><testcase classname="tests.test_content_admin.TestTestimonialFlow" name="test_testimonial_approval_visibility" time="0.610" /><testcase classname="tests.test_content_admin.TestAnnouncementFlow" name="test_single_active" time="0.778" /><testcase classname="tests.test_content_admin.TestUserBan" name="test_ban_clears_session" time="0.241" /><testcase classname="tests.test_content_admin.TestSettingsUpdate" name="test_update_tagline_persists" time="0.456" /><testcase classname="tests.test_content_admin.TestWebhooks" name="test_webhooks_seeded_and_update" time="0.350" /><testcase classname="tests.test_content_admin.TestAITools" name="test_ai_tools_list" time="0.134" /><testcase classname="tests.test_content_admin" name="test_zz_cleanup" time="0.913" /></testsuite></testsuites>